Started GET "/home/mainhome" for ::1 at 2024-02-16 00:22:17 +0100
Processing by HomeController#mainhome as HTML
  Rendering layout layouts/application.html.erb
  Rendering home/mainhome.html.erb within layouts/application
  Rendered home/mainhome.html.erb within layouts/application (Duration: 4.6ms | Allocations: 490)
  Rendered layout layouts/application.html.erb (Duration: 235.3ms | Allocations: 76519)
Completed 500 Internal Server Error in 298ms (ActiveRecord: 0.0ms | Allocations: 83824)


  
ActionView::Template::Error (Permission denied @ rb_file_s_rename - (C:/Rprojects/Section1/tmp/cache/assets/sprockets/v4.0.0/U_/U_W3dNUzCCHzNNhPsWDhE6PdE0rX0L7IQAFlPbdw1Wc.cache.21420.1948.477037, C:/Rprojects/Section1/tmp/cache/assets/sprockets/v4.0.0/U_/U_W3dNUzCCHzNNhPsWDhE6PdE0rX0L7IQAFlPbdw1Wc.cache)):
  
sprockets (4.2.1) lib/sprockets/path_utils.rb:362:in `rename'
sprockets (4.2.1) lib/sprockets/path_utils.rb:362:in `atomic_write'
sprockets (4.2.1) lib/sprockets/cache/file_store.rb:112:in `set'
sprockets (4.2.1) lib/sprockets/cache.rb:227:in `set'
sprockets (4.2.1) lib/sprockets/cache.rb:143:in `set'
sprockets (4.2.1) lib/sprockets/loader.rb:268:in `store_asset'
sprockets (4.2.1) lib/sprockets/loader.rb:228:in `load_from_unloaded'
sprockets (4.2.1) lib/sprockets/loader.rb:59:in `block in load'
sprockets (4.2.1) lib/sprockets/loader.rb:339:in `fetch_asset_from_dependency_cache'
sprockets (4.2.1) lib/sprockets/loader.rb:43:in `load'
sprockets (4.2.1) lib/sprockets/cached_environment.rb:44:in `block in load'
concurrent-ruby (1.2.3) lib/concurrent-ruby/concurrent/map.rb:207:in `block in fetch_or_store'
concurrent-ruby (1.2.3) lib/concurrent-ruby/concurrent/map.rb:187:in `fetch'
concurrent-ruby (1.2.3) lib/concurrent-ruby/concurrent/map.rb:206:in `fetch_or_store'
sprockets (4.2.1) lib/sprockets/cached_environment.rb:44:in `load'
sprockets (4.2.1) lib/sprockets/base.rb:81:in `find_asset'
sprockets (4.2.1) lib/sprockets/base.rb:88:in `find_all_linked_assets'
sprockets (4.2.1) lib/sprockets/manifest.rb:125:in `each'
sprockets (4.2.1) lib/sprockets/manifest.rb:125:in `to_a'
sprockets (4.2.1) lib/sprockets/manifest.rb:125:in `block (2 levels) in find'
concurrent-ruby (1.2.3) lib/concurrent-ruby/concurrent/executor/safe_task_executor.rb:24:in `block in execute'
concurrent-ruby (1.2.3) lib/concurrent-ruby/concurrent/synchronization/mutex_lockable_object.rb:48:in `block in synchronize'
concurrent-ruby (1.2.3) lib/concurrent-ruby/concurrent/synchronization/mutex_lockable_object.rb:48:in `synchronize'
concurrent-ruby (1.2.3) lib/concurrent-ruby/concurrent/synchronization/mutex_lockable_object.rb:48:in `synchronize'
concurrent-ruby (1.2.3) lib/concurrent-ruby/concurrent/executor/safe_task_executor.rb:22:in `execute'
concurrent-ruby (1.2.3) lib/concurrent-ruby/concurrent/promise.rb:564:in `block in realize'
concurrent-ruby (1.2.3) lib/concurrent-ruby/concurrent/executor/ruby_thread_pool_executor.rb:359:in `run_task'
concurrent-ruby (1.2.3) lib/concurrent-ruby/concurrent/executor/ruby_thread_pool_executor.rb:350:in `block (3 levels) in create_worker'
concurrent-ruby (1.2.3) lib/concurrent-ruby/concurrent/executor/ruby_thread_pool_executor.rb:341:in `loop'
concurrent-ruby (1.2.3) lib/concurrent-ruby/concurrent/executor/ruby_thread_pool_executor.rb:341:in `block (2 levels) in create_worker'
concurrent-ruby (1.2.3) lib/concurrent-ruby/concurrent/executor/ruby_thread_pool_executor.rb:340:in `catch'
concurrent-ruby (1.2.3) lib/concurrent-ruby/concurrent/executor/ruby_thread_pool_executor.rb:340:in `block in create_worker'
Started GET "/home/mainhome" for ::1 at 2024-02-16 00:22:21 +0100
Processing by HomeController#mainhome as HTML
  Rendering layout layouts/application.html.erb
  Rendering home/mainhome.html.erb within layouts/application
  Rendered home/mainhome.html.erb within layouts/application (Duration: 0.0ms | Allocations: 7)
  Rendered layout layouts/application.html.erb (Duration: 43.6ms | Allocations: 30167)
Completed 200 OK in 45ms (Views: 44.0ms | ActiveRecord: 0.0ms | Allocations: 30535)


Started GET "/home/mainhome" for ::1 at 2024-02-16 00:23:02 +0100
Processing by HomeController#mainhome as HTML
  Rendering layout layouts/application.html.erb
  Rendering home/mainhome.html.erb within layouts/application
  Rendered home/mainhome.html.erb within layouts/application (Duration: 0.6ms | Allocations: 125)
  Rendered layout layouts/application.html.erb (Duration: 5.9ms | Allocations: 2202)
Completed 200 OK in 14ms (Views: 11.0ms | ActiveRecord: 0.0ms | Allocations: 3128)


Started GET "/home/mainhome" for ::1 at 2024-02-16 00:28:55 +0100
Processing by HomeController#mainhome as HTML
  Rendering layout layouts/application.html.erb
  Rendering home/mainhome.html.erb within layouts/application
  Rendered home/mainhome.html.erb within layouts/application (Duration: 0.6ms | Allocations: 124)
  Rendered layout layouts/application.html.erb (Duration: 23.8ms | Allocations: 4056)
Completed 500 Internal Server Error in 32ms (ActiveRecord: 0.0ms | Allocations: 4983)


  
ActionView::Template::Error (Missing partial home/_bootstrap, application/_bootstrap with {:locale=>[:en], :formats=>[:html], :variants=>[], :handlers=>[:raw, :erb, :html, :builder, :ruby, :jbuilder]}.

Searched in:
  * "C:/Rprojects/Section1/app/views"
  * "C:/RailsInstaller/Ruby3.1.2/lib/ruby/gems/3.1.0/gems/turbo-rails-2.0.2/app/views"
  * "C:/RailsInstaller/Ruby3.1.2/lib/ruby/gems/3.1.0/gems/actiontext-7.0.8/app/views"
  * "C:/RailsInstaller/Ruby3.1.2/lib/ruby/gems/3.1.0/gems/actionmailbox-7.0.8/app/views"

Did you mean?  layouts/bootstrap
               action_text/contents/content
               layouts/action_text/contents/content
               active_storage/blobs/blob
               action_text/attachables/remote_image
               action_text/attachables/missing_attachable):
    12: 
    13:   <body>
    14: 
    15:     <%= render "bootstrap"%>
    16:     <%= yield %>
    17: 
    18: 
  
app/views/layouts/application.html.erb:15
Started GET "/home/mainhome" for ::1 at 2024-02-16 00:29:08 +0100
Processing by HomeController#mainhome as HTML
  Rendering layout layouts/application.html.erb
  Rendering home/mainhome.html.erb within layouts/application
  Rendered home/mainhome.html.erb within layouts/application (Duration: 0.7ms | Allocations: 124)
  Rendered layouts/_bootstrap.html.erb (Duration: 0.5ms | Allocations: 134)
  Rendered layout layouts/application.html.erb (Duration: 6.4ms | Allocations: 2452)
Completed 200 OK in 15ms (Views: 12.8ms | ActiveRecord: 0.0ms | Allocations: 3397)


Started GET "/home/mainhome" for ::1 at 2024-02-16 00:41:16 +0100
Processing by HomeController#mainhome as HTML
  Rendering layout layouts/application.html.erb
  Rendering home/mainhome.html.erb within layouts/application
  Rendered home/mainhome.html.erb within layouts/application (Duration: 0.7ms | Allocations: 124)
  Rendered layouts/_bootstrap.html.erb (Duration: 1.4ms | Allocations: 134)
  Rendered layout layouts/application.html.erb (Duration: 7.6ms | Allocations: 2451)
Completed 200 OK in 17ms (Views: 13.0ms | ActiveRecord: 0.0ms | Allocations: 3401)


Started GET "/home/mainhome" for ::1 at 2024-02-16 00:41:16 +0100
Processing by HomeController#mainhome as HTML
  Rendering layout layouts/application.html.erb
  Rendering home/mainhome.html.erb within layouts/application
  Rendered home/mainhome.html.erb within layouts/application (Duration: 0.0ms | Allocations: 7)
  Rendered layouts/_bootstrap.html.erb (Duration: 0.0ms | Allocations: 9)
  Rendered layout layouts/application.html.erb (Duration: 4.0ms | Allocations: 1675)
Completed 200 OK in 7ms (Views: 4.5ms | ActiveRecord: 0.0ms | Allocations: 1983)


Started GET "/home/mainhome" for ::1 at 2024-02-16 00:41:17 +0100
Processing by HomeController#mainhome as HTML
  Rendering layout layouts/application.html.erb
  Rendering home/mainhome.html.erb within layouts/application
  Rendered home/mainhome.html.erb within layouts/application (Duration: 0.0ms | Allocations: 7)
  Rendered layouts/_bootstrap.html.erb (Duration: 0.0ms | Allocations: 9)
  Rendered layout layouts/application.html.erb (Duration: 4.4ms | Allocations: 1654)
Completed 200 OK in 7ms (Views: 4.8ms | ActiveRecord: 0.0ms | Allocations: 1942)


Started GET "/home/mainhome" for ::1 at 2024-02-16 00:41:18 +0100
Processing by HomeController#mainhome as HTML
  Rendering layout layouts/application.html.erb
  Rendering home/mainhome.html.erb within layouts/application
  Rendered home/mainhome.html.erb within layouts/application (Duration: 0.0ms | Allocations: 7)
  Rendered layouts/_bootstrap.html.erb (Duration: 0.0ms | Allocations: 9)
  Rendered layout layouts/application.html.erb (Duration: 5.6ms | Allocations: 1667)
Completed 200 OK in 8ms (Views: 6.0ms | ActiveRecord: 0.0ms | Allocations: 1955)


Started GET "/home/mainhome" for ::1 at 2024-02-16 00:41:18 +0100
Processing by HomeController#mainhome as HTML
  Rendering layout layouts/application.html.erb
  Rendering home/mainhome.html.erb within layouts/application
  Rendered home/mainhome.html.erb within layouts/application (Duration: 0.0ms | Allocations: 7)
  Rendered layouts/_bootstrap.html.erb (Duration: 0.0ms | Allocations: 9)
  Rendered layout layouts/application.html.erb (Duration: 4.4ms | Allocations: 1666)
Completed 200 OK in 7ms (Views: 4.8ms | ActiveRecord: 0.0ms | Allocations: 1954)


Started GET "/home/mainhome" for ::1 at 2024-02-16 00:41:18 +0100
Processing by HomeController#mainhome as HTML
  Rendering layout layouts/application.html.erb
  Rendering home/mainhome.html.erb within layouts/application
  Rendered home/mainhome.html.erb within layouts/application (Duration: 0.0ms | Allocations: 7)
  Rendered layouts/_bootstrap.html.erb (Duration: 0.0ms | Allocations: 9)
  Rendered layout layouts/application.html.erb (Duration: 3.9ms | Allocations: 1663)
Completed 200 OK in 6ms (Views: 4.3ms | ActiveRecord: 0.0ms | Allocations: 1951)


Started GET "/home/mainhome" for ::1 at 2024-02-16 00:41:18 +0100
Processing by HomeController#mainhome as HTML
  Rendering layout layouts/application.html.erb
  Rendering home/mainhome.html.erb within layouts/application
  Rendered home/mainhome.html.erb within layouts/application (Duration: 0.0ms | Allocations: 7)
  Rendered layouts/_bootstrap.html.erb (Duration: 0.0ms | Allocations: 9)
  Rendered layout layouts/application.html.erb (Duration: 4.5ms | Allocations: 1657)
Completed 200 OK in 7ms (Views: 5.0ms | ActiveRecord: 0.0ms | Allocations: 1945)


Started GET "/home/mainhome" for ::1 at 2024-02-16 00:42:00 +0100
Processing by HomeController#mainhome as HTML
  Rendering layout layouts/application.html.erb
  Rendering home/mainhome.html.erb within layouts/application
  Rendered home/mainhome.html.erb within layouts/application (Duration: 0.0ms | Allocations: 12)
  Rendered layouts/_bootstrap.html.erb (Duration: 0.0ms | Allocations: 12)
  Rendered layout layouts/application.html.erb (Duration: 32.3ms | Allocations: 16120)
Completed 200 OK in 35ms (Views: 33.5ms | ActiveRecord: 0.0ms | Allocations: 16784)


Started GET "/home/mainhome" for ::1 at 2024-02-16 00:42:03 +0100
Processing by HomeController#mainhome as HTML
  Rendering layout layouts/application.html.erb
  Rendering home/mainhome.html.erb within layouts/application
  Rendered home/mainhome.html.erb within layouts/application (Duration: 0.0ms | Allocations: 7)
  Rendered layouts/_bootstrap.html.erb (Duration: 0.0ms | Allocations: 9)
  Rendered layout layouts/application.html.erb (Duration: 4.4ms | Allocations: 1672)
Completed 200 OK in 7ms (Views: 4.8ms | ActiveRecord: 0.0ms | Allocations: 1979)


Started GET "/home/mainhome" for ::1 at 2024-02-16 00:42:04 +0100
Processing by HomeController#mainhome as HTML
  Rendering layout layouts/application.html.erb
  Rendering home/mainhome.html.erb within layouts/application
  Rendered home/mainhome.html.erb within layouts/application (Duration: 0.0ms | Allocations: 7)
  Rendered layouts/_bootstrap.html.erb (Duration: 0.0ms | Allocations: 9)
  Rendered layout layouts/application.html.erb (Duration: 5.0ms | Allocations: 1666)
Completed 200 OK in 7ms (Views: 5.4ms | ActiveRecord: 0.0ms | Allocations: 1954)


Started GET "/home/mainhome" for ::1 at 2024-02-16 00:42:04 +0100
Processing by HomeController#mainhome as HTML
  Rendering layout layouts/application.html.erb
  Rendering home/mainhome.html.erb within layouts/application
  Rendered home/mainhome.html.erb within layouts/application (Duration: 0.0ms | Allocations: 7)
  Rendered layouts/_bootstrap.html.erb (Duration: 0.0ms | Allocations: 9)
  Rendered layout layouts/application.html.erb (Duration: 4.4ms | Allocations: 1672)
Completed 200 OK in 7ms (Views: 4.9ms | ActiveRecord: 0.0ms | Allocations: 1960)


Started GET "/home/mainhome" for ::1 at 2024-02-16 00:42:05 +0100
Processing by HomeController#mainhome as HTML
  Rendering layout layouts/application.html.erb
  Rendering home/mainhome.html.erb within layouts/application
  Rendered home/mainhome.html.erb within layouts/application (Duration: 0.0ms | Allocations: 7)
  Rendered layouts/_bootstrap.html.erb (Duration: 0.0ms | Allocations: 9)
  Rendered layout layouts/application.html.erb (Duration: 4.7ms | Allocations: 1684)
Completed 200 OK in 7ms (Views: 5.1ms | ActiveRecord: 0.0ms | Allocations: 1972)


Started GET "/home/mainhome" for ::1 at 2024-02-16 00:42:05 +0100
Processing by HomeController#mainhome as HTML
  Rendering layout layouts/application.html.erb
  Rendering home/mainhome.html.erb within layouts/application
  Rendered home/mainhome.html.erb within layouts/application (Duration: 0.0ms | Allocations: 7)
  Rendered layouts/_bootstrap.html.erb (Duration: 0.0ms | Allocations: 9)
  Rendered layout layouts/application.html.erb (Duration: 4.8ms | Allocations: 1669)
Completed 200 OK in 7ms (Views: 5.3ms | ActiveRecord: 0.0ms | Allocations: 1957)


Started GET "/home/mainhome" for ::1 at 2024-02-16 00:42:06 +0100
Processing by HomeController#mainhome as HTML
  Rendering layout layouts/application.html.erb
  Rendering home/mainhome.html.erb within layouts/application
  Rendered home/mainhome.html.erb within layouts/application (Duration: 0.0ms | Allocations: 7)
  Rendered layouts/_bootstrap.html.erb (Duration: 0.0ms | Allocations: 9)
  Rendered layout layouts/application.html.erb (Duration: 3.6ms | Allocations: 1657)
Completed 200 OK in 5ms (Views: 3.9ms | ActiveRecord: 0.0ms | Allocations: 1945)


Started GET "/home/mainhome" for ::1 at 2024-02-16 00:42:06 +0100
Processing by HomeController#mainhome as HTML
  Rendering layout layouts/application.html.erb
  Rendering home/mainhome.html.erb within layouts/application
  Rendered home/mainhome.html.erb within layouts/application (Duration: 0.0ms | Allocations: 7)
  Rendered layouts/_bootstrap.html.erb (Duration: 0.0ms | Allocations: 9)
  Rendered layout layouts/application.html.erb (Duration: 4.0ms | Allocations: 1663)
Completed 200 OK in 7ms (Views: 4.7ms | ActiveRecord: 0.0ms | Allocations: 1951)


Started GET "/home/mainhome" for ::1 at 2024-02-16 00:42:06 +0100
Processing by HomeController#mainhome as HTML
  Rendering layout layouts/application.html.erb
  Rendering home/mainhome.html.erb within layouts/application
  Rendered home/mainhome.html.erb within layouts/application (Duration: 0.0ms | Allocations: 7)
  Rendered layouts/_bootstrap.html.erb (Duration: 0.0ms | Allocations: 9)
  Rendered layout layouts/application.html.erb (Duration: 4.0ms | Allocations: 1675)
Completed 200 OK in 6ms (Views: 4.4ms | ActiveRecord: 0.0ms | Allocations: 1963)


Started GET "/home/mainhome" for ::1 at 2024-02-16 00:42:06 +0100
Processing by HomeController#mainhome as HTML
  Rendering layout layouts/application.html.erb
  Rendering home/mainhome.html.erb within layouts/application
  Rendered home/mainhome.html.erb within layouts/application (Duration: 0.0ms | Allocations: 7)
  Rendered layouts/_bootstrap.html.erb (Duration: 0.0ms | Allocations: 9)
  Rendered layout layouts/application.html.erb (Duration: 4.1ms | Allocations: 1666)
Completed 200 OK in 7ms (Views: 4.8ms | ActiveRecord: 0.0ms | Allocations: 1954)


Started GET "/home/mainhome" for ::1 at 2024-02-16 00:42:07 +0100
Processing by HomeController#mainhome as HTML
  Rendering layout layouts/application.html.erb
  Rendering home/mainhome.html.erb within layouts/application
  Rendered home/mainhome.html.erb within layouts/application (Duration: 0.1ms | Allocations: 7)
  Rendered layouts/_bootstrap.html.erb (Duration: 0.0ms | Allocations: 9)
  Rendered layout layouts/application.html.erb (Duration: 5.1ms | Allocations: 1660)
Completed 200 OK in 8ms (Views: 5.6ms | ActiveRecord: 0.0ms | Allocations: 1948)


Started GET "/home/mainhome" for ::1 at 2024-02-16 00:42:07 +0100
Processing by HomeController#mainhome as HTML
  Rendering layout layouts/application.html.erb
  Rendering home/mainhome.html.erb within layouts/application
  Rendered home/mainhome.html.erb within layouts/application (Duration: 0.0ms | Allocations: 7)
  Rendered layouts/_bootstrap.html.erb (Duration: 0.0ms | Allocations: 9)
  Rendered layout layouts/application.html.erb (Duration: 3.9ms | Allocations: 1675)
Completed 200 OK in 6ms (Views: 4.4ms | ActiveRecord: 0.0ms | Allocations: 1963)


Started GET "/home/mainhome" for ::1 at 2024-02-16 00:42:07 +0100
Processing by HomeController#mainhome as HTML
  Rendering layout layouts/application.html.erb
  Rendering home/mainhome.html.erb within layouts/application
  Rendered home/mainhome.html.erb within layouts/application (Duration: 0.0ms | Allocations: 7)
  Rendered layouts/_bootstrap.html.erb (Duration: 0.0ms | Allocations: 9)
  Rendered layout layouts/application.html.erb (Duration: 4.3ms | Allocations: 1657)
Completed 200 OK in 7ms (Views: 5.0ms | ActiveRecord: 0.0ms | Allocations: 1945)


Started GET "/home/mainhome" for ::1 at 2024-02-16 00:42:07 +0100
Processing by HomeController#mainhome as HTML
  Rendering layout layouts/application.html.erb
  Rendering home/mainhome.html.erb within layouts/application
  Rendered home/mainhome.html.erb within layouts/application (Duration: 0.0ms | Allocations: 7)
  Rendered layouts/_bootstrap.html.erb (Duration: 0.0ms | Allocations: 9)
  Rendered layout layouts/application.html.erb (Duration: 4.0ms | Allocations: 1654)
Completed 200 OK in 6ms (Views: 4.4ms | ActiveRecord: 0.0ms | Allocations: 1942)


Started GET "/home/mainhome" for ::1 at 2024-02-16 00:42:07 +0100
Processing by HomeController#mainhome as HTML
  Rendering layout layouts/application.html.erb
  Rendering home/mainhome.html.erb within layouts/application
  Rendered home/mainhome.html.erb within layouts/application (Duration: 0.0ms | Allocations: 7)
  Rendered layouts/_bootstrap.html.erb (Duration: 0.0ms | Allocations: 9)
  Rendered layout layouts/application.html.erb (Duration: 4.2ms | Allocations: 1672)
Completed 200 OK in 6ms (Views: 4.7ms | ActiveRecord: 0.0ms | Allocations: 1960)


Started GET "/home/mainhome" for ::1 at 2024-02-16 00:42:23 +0100
Processing by HomeController#mainhome as HTML
  Rendering layout layouts/application.html.erb
  Rendering home/mainhome.html.erb within layouts/application
  Rendered home/mainhome.html.erb within layouts/application (Duration: 0.6ms | Allocations: 129)
  Rendered layouts/_bootstrap.html.erb (Duration: 10.2ms | Allocations: 4917)
  Rendered layout layouts/application.html.erb (Duration: 16.1ms | Allocations: 7240)
Completed 500 Internal Server Error in 23ms (ActiveRecord: 0.0ms | Allocations: 8170)


  
ActionView::Template::Error (undefined local variable or method `contact_path' for #<ActionView::Base:0x0000000000f050>

          '.freeze;@output_buffer.append=( link_to "Contact",contact_path,class:"navbar-item");@output_buffer.safe_append='
                                                             ^^^^^^^^^^^^
Did you mean?  cont_path_path):
     7:     <div class="collapse navbar-collapse" id="navbarSupportedContent">
     8:       <ul class="navbar-nav me-auto mb-2 mb-lg-0">
     9:         <li class="nav-item">
    10:           <%= link_to "Contact",contact_path,class:"navbar-item"%>
    11:         </li>
    12:         
    13:         <li class="nav-item dropdown">
  
app/views/layouts/_bootstrap.html.erb:10
app/views/layouts/application.html.erb:15
Started GET "/home/mainhome" for ::1 at 2024-02-16 00:42:38 +0100
Processing by HomeController#mainhome as HTML
  Rendering layout layouts/application.html.erb
  Rendering home/mainhome.html.erb within layouts/application
  Rendered home/mainhome.html.erb within layouts/application (Duration: 0.7ms | Allocations: 124)
  Rendered layouts/_bootstrap.html.erb (Duration: 10.0ms | Allocations: 4813)
  Rendered layout layouts/application.html.erb (Duration: 16.8ms | Allocations: 7134)
Completed 500 Internal Server Error in 25ms (ActiveRecord: 0.0ms | Allocations: 8044)


  
ActionView::Template::Error (undefined local variable or method `cont_path' for #<ActionView::Base:0x0000000000f3e8>

          '.freeze;@output_buffer.append=( link_to "Contact",cont_path,class:"navbar-item");@output_buffer.safe_append='
                                                             ^^^^^^^^^
Did you mean?  font_path):
     7:     <div class="collapse navbar-collapse" id="navbarSupportedContent">
     8:       <ul class="navbar-nav me-auto mb-2 mb-lg-0">
     9:         <li class="nav-item">
    10:           <%= link_to "Contact",cont_path,class:"navbar-item"%>
    11:         </li>
    12:         
    13:         <li class="nav-item dropdown">
  
app/views/layouts/_bootstrap.html.erb:10
app/views/layouts/application.html.erb:15
Started GET "/home/mainhome" for ::1 at 2024-02-16 00:42:49 +0100
Processing by HomeController#mainhome as HTML
  Rendering layout layouts/application.html.erb
  Rendering home/mainhome.html.erb within layouts/application
  Rendered home/mainhome.html.erb within layouts/application (Duration: 1.1ms | Allocations: 124)
  Rendered layouts/_bootstrap.html.erb (Duration: 1.0ms | Allocations: 281)
  Rendered layout layouts/application.html.erb (Duration: 6.8ms | Allocations: 2605)
Completed 200 OK in 15ms (Views: 12.7ms | ActiveRecord: 0.0ms | Allocations: 3543)


Started GET "/home/mainhome" for ::1 at 2024-02-16 00:43:00 +0100
Processing by HomeController#mainhome as HTML
  Rendering layout layouts/application.html.erb
  Rendering home/mainhome.html.erb within layouts/application
  Rendered home/mainhome.html.erb within layouts/application (Duration: 0.0ms | Allocations: 12)
  Rendered layouts/_bootstrap.html.erb (Duration: 13.9ms | Allocations: 4639)
  Rendered layout layouts/application.html.erb (Duration: 36.1ms | Allocations: 20702)
Completed 500 Internal Server Error in 38ms (ActiveRecord: 0.0ms | Allocations: 21332)


  
ActionView::Template::Error (undefined local variable or method `cont_path_path' for #<ActionView::Base:0x00000000013010>

          '.freeze;@output_buffer.append=( link_to "Contact",cont_path_path,class:"navbar-item");@output_buffer.safe_append='
                                                             ^^^^^^^^^^^^^^
Did you mean?  cont_path):
     7:     <div class="collapse navbar-collapse" id="navbarSupportedContent">
     8:       <ul class="navbar-nav me-auto mb-2 mb-lg-0">
     9:         <li class="nav-item">
    10:           <%= link_to "Contact",cont_path_path,class:"navbar-item"%>
    11:         </li>
    12:         
    13:         <li class="nav-item dropdown">
  
app/views/layouts/_bootstrap.html.erb:10
app/views/layouts/application.html.erb:15
Started GET "/home/mainhome" for ::1 at 2024-02-16 00:43:03 +0100
Processing by HomeController#mainhome as HTML
  Rendering layout layouts/application.html.erb
  Rendering home/mainhome.html.erb within layouts/application
  Rendered home/mainhome.html.erb within layouts/application (Duration: 0.6ms | Allocations: 124)
  Rendered layouts/_bootstrap.html.erb (Duration: 0.8ms | Allocations: 244)
  Rendered layout layouts/application.html.erb (Duration: 7.3ms | Allocations: 2580)
Completed 200 OK in 16ms (Views: 12.3ms | ActiveRecord: 0.0ms | Allocations: 3527)


Started GET "/contact/cont" for ::1 at 2024-02-16 00:43:04 +0100
Processing by ContactController#cont as HTML
  Rendering layout layouts/application.html.erb
  Rendering contact/cont.html.erb within layouts/application
  Rendered contact/cont.html.erb within layouts/application (Duration: 0.8ms | Allocations: 122)
  Rendered layouts/_bootstrap.html.erb (Duration: 0.2ms | Allocations: 94)
  Rendered layout layouts/application.html.erb (Duration: 6.2ms | Allocations: 2168)
Completed 200 OK in 14ms (Views: 10.8ms | ActiveRecord: 0.0ms | Allocations: 2972)


Started GET "/contact/cont" for ::1 at 2024-02-16 00:43:05 +0100
Processing by ContactController#cont as HTML
  Rendering layout layouts/application.html.erb
  Rendering contact/cont.html.erb within layouts/application
  Rendered contact/cont.html.erb within layouts/application (Duration: 0.0ms | Allocations: 7)
  Rendered layouts/_bootstrap.html.erb (Duration: 0.1ms | Allocations: 56)
  Rendered layout layouts/application.html.erb (Duration: 4.4ms | Allocations: 1715)
Completed 200 OK in 7ms (Views: 4.8ms | ActiveRecord: 0.0ms | Allocations: 2022)


Started GET "/contact/cont" for ::1 at 2024-02-16 00:43:06 +0100
Processing by ContactController#cont as HTML
  Rendering layout layouts/application.html.erb
  Rendering contact/cont.html.erb within layouts/application
  Rendered contact/cont.html.erb within layouts/application (Duration: 0.0ms | Allocations: 7)
  Rendered layouts/_bootstrap.html.erb (Duration: 0.2ms | Allocations: 56)
  Rendered layout layouts/application.html.erb (Duration: 4.3ms | Allocations: 1715)
Completed 200 OK in 7ms (Views: 5.1ms | ActiveRecord: 0.0ms | Allocations: 2003)


Started GET "/contact/cont" for ::1 at 2024-02-16 00:44:11 +0100
Processing by ContactController#cont as HTML
  Rendering layout layouts/application.html.erb
  Rendering contact/cont.html.erb within layouts/application
  Rendered contact/cont.html.erb within layouts/application (Duration: 0.6ms | Allocations: 129)
  Rendered layouts/_bootstrap.html.erb (Duration: 0.8ms | Allocations: 316)
  Rendered layout layouts/application.html.erb (Duration: 31.8ms | Allocations: 16786)
Completed 200 OK in 40ms (Views: 37.1ms | ActiveRecord: 0.0ms | Allocations: 17860)


Started GET "/home/mainhome" for ::1 at 2024-02-16 00:44:13 +0100
Processing by HomeController#mainhome as HTML
  Rendering layout layouts/application.html.erb
  Rendering home/mainhome.html.erb within layouts/application
  Rendered home/mainhome.html.erb within layouts/application (Duration: 0.7ms | Allocations: 123)
  Rendered layouts/_bootstrap.html.erb (Duration: 0.2ms | Allocations: 135)
  Rendered layout layouts/application.html.erb (Duration: 5.4ms | Allocations: 2216)
Completed 200 OK in 13ms (Views: 10.4ms | ActiveRecord: 0.0ms | Allocations: 3018)


Started GET "/contact/cont" for ::1 at 2024-02-16 00:44:14 +0100
Processing by ContactController#cont as HTML
  Rendering layout layouts/application.html.erb
  Rendering contact/cont.html.erb within layouts/application
  Rendered contact/cont.html.erb within layouts/application (Duration: 0.0ms | Allocations: 7)
  Rendered layouts/_bootstrap.html.erb (Duration: 0.2ms | Allocations: 94)
  Rendered layout layouts/application.html.erb (Duration: 3.3ms | Allocations: 1759)
Completed 200 OK in 5ms (Views: 3.7ms | ActiveRecord: 0.0ms | Allocations: 2067)


Started GET "/home/mainhome" for ::1 at 2024-02-16 00:44:15 +0100
Processing by HomeController#mainhome as HTML
  Rendering layout layouts/application.html.erb
  Rendering home/mainhome.html.erb within layouts/application
  Rendered home/mainhome.html.erb within layouts/application (Duration: 0.0ms | Allocations: 7)
  Rendered layouts/_bootstrap.html.erb (Duration: 0.2ms | Allocations: 94)
  Rendered layout layouts/application.html.erb (Duration: 4.0ms | Allocations: 1750)
Completed 200 OK in 6ms (Views: 4.5ms | ActiveRecord: 0.0ms | Allocations: 2038)


Started GET "/home/mainhome" for ::1 at 2024-02-16 00:44:34 +0100
Processing by HomeController#mainhome as HTML
  Rendering layout layouts/application.html.erb
  Rendering home/mainhome.html.erb within layouts/application
  Rendered home/mainhome.html.erb within layouts/application (Duration: 0.6ms | Allocations: 124)
  Rendered layouts/_bootstrap.html.erb (Duration: 14.5ms | Allocations: 4994)
  Rendered layout layouts/application.html.erb (Duration: 21.9ms | Allocations: 7302)
Completed 500 Internal Server Error in 30ms (ActiveRecord: 0.0ms | Allocations: 8224)


  
ActionView::Template::Error (undefined local variable or method `cont_path_path' for #<ActionView::Base:0x00000000017070>

          '.freeze;@output_buffer.append=( link_to "Contact",cont_path_path,class:"navbar-item");@output_buffer.safe_append='
                                                             ^^^^^^^^^^^^^^
Did you mean?  cont_path):
     7:     <div class="collapse navbar-collapse" id="navbarSupportedContent">
     8:       <ul class="navbar-nav me-auto mb-2 mb-lg-0">
     9:         <li class="nav-item">
    10:           <%= link_to "Contact",cont_path_path,class:"navbar-item"%>
    11:         </li>
    12:         
    13:         <li class="nav-item dropdown">
  
app/views/layouts/_bootstrap.html.erb:10
app/views/layouts/application.html.erb:15
Started GET "/home/mainhome" for ::1 at 2024-02-16 00:44:43 +0100
Processing by HomeController#mainhome as HTML
  Rendering layout layouts/application.html.erb
  Rendering home/mainhome.html.erb within layouts/application
  Rendered home/mainhome.html.erb within layouts/application (Duration: 0.7ms | Allocations: 124)
  Rendered layouts/_bootstrap.html.erb (Duration: 14.2ms | Allocations: 4992)
  Rendered layout layouts/application.html.erb (Duration: 21.2ms | Allocations: 7304)
Completed 500 Internal Server Error in 30ms (ActiveRecord: 0.0ms | Allocations: 8214)


  
ActionView::Template::Error (undefined local variable or method `cont_path_path' for #<ActionView::Base:0x00000000017408>

          '.freeze;@output_buffer.append=( link_to "Contact",cont_path_path,class:"navbar-item");@output_buffer.safe_append='
                                                             ^^^^^^^^^^^^^^
Did you mean?  cont_path):
     7:     <div class="collapse navbar-collapse" id="navbarSupportedContent">
     8:       <ul class="navbar-nav me-auto mb-2 mb-lg-0">
     9:         <li class="nav-item">
    10:           <%= link_to "Contact",cont_path_path,class:"navbar-item"%>
    11:         </li>
    12:         
    13:         <li class="nav-item dropdown">
  
app/views/layouts/_bootstrap.html.erb:10
app/views/layouts/application.html.erb:15
Started GET "/home/mainhome" for ::1 at 2024-02-16 00:44:52 +0100
Processing by HomeController#mainhome as HTML
  Rendering layout layouts/application.html.erb
  Rendering home/mainhome.html.erb within layouts/application
  Rendered home/mainhome.html.erb within layouts/application (Duration: 0.6ms | Allocations: 124)
  Rendered layouts/_bootstrap.html.erb (Duration: 1.3ms | Allocations: 301)
  Rendered layout layouts/application.html.erb (Duration: 7.9ms | Allocations: 2616)
Completed 200 OK in 16ms (Views: 13.5ms | ActiveRecord: 0.0ms | Allocations: 3554)


Started GET "/home/mainhome" for ::1 at 2024-02-16 00:44:54 +0100
Processing by HomeController#mainhome as HTML
  Rendering layout layouts/application.html.erb
  Rendering home/mainhome.html.erb within layouts/application
  Rendered home/mainhome.html.erb within layouts/application (Duration: 0.0ms | Allocations: 7)
  Rendered layouts/_bootstrap.html.erb (Duration: 0.2ms | Allocations: 94)
  Rendered layout layouts/application.html.erb (Duration: 4.8ms | Allocations: 1765)
Completed 200 OK in 7ms (Views: 5.2ms | ActiveRecord: 0.0ms | Allocations: 2073)


Started GET "/contact/cont" for ::1 at 2024-02-16 00:44:54 +0100
Processing by ContactController#cont as HTML
  Rendering layout layouts/application.html.erb
  Rendering contact/cont.html.erb within layouts/application
  Rendered contact/cont.html.erb within layouts/application (Duration: 0.6ms | Allocations: 123)
  Rendered layouts/_bootstrap.html.erb (Duration: 0.2ms | Allocations: 129)
  Rendered layout layouts/application.html.erb (Duration: 4.8ms | Allocations: 2182)
Completed 200 OK in 11ms (Views: 8.3ms | ActiveRecord: 0.0ms | Allocations: 2847)


Started GET "/home/mainhome" for ::1 at 2024-02-16 00:44:55 +0100
Processing by HomeController#mainhome as HTML
  Rendering layout layouts/application.html.erb
  Rendering home/mainhome.html.erb within layouts/application
  Rendered home/mainhome.html.erb within layouts/application (Duration: 0.0ms | Allocations: 7)
  Rendered layouts/_bootstrap.html.erb (Duration: 0.3ms | Allocations: 94)
  Rendered layout layouts/application.html.erb (Duration: 3.9ms | Allocations: 1747)
Completed 200 OK in 6ms (Views: 4.3ms | ActiveRecord: 0.0ms | Allocations: 2055)


Started GET "/contact/cont" for ::1 at 2024-02-16 00:44:55 +0100
Processing by ContactController#cont as HTML
  Rendering layout layouts/application.html.erb
  Rendering contact/cont.html.erb within layouts/application
  Rendered contact/cont.html.erb within layouts/application (Duration: 0.0ms | Allocations: 7)
  Rendered layouts/_bootstrap.html.erb (Duration: 0.2ms | Allocations: 94)
  Rendered layout layouts/application.html.erb (Duration: 5.7ms | Allocations: 1753)
Completed 200 OK in 8ms (Views: 6.3ms | ActiveRecord: 0.0ms | Allocations: 2042)


Started GET "/home/mainhome" for ::1 at 2024-02-16 00:44:56 +0100
Processing by HomeController#mainhome as HTML
  Rendering layout layouts/application.html.erb
  Rendering home/mainhome.html.erb within layouts/application
  Rendered home/mainhome.html.erb within layouts/application (Duration: 0.0ms | Allocations: 7)
  Rendered layouts/_bootstrap.html.erb (Duration: 0.3ms | Allocations: 94)
  Rendered layout layouts/application.html.erb (Duration: 7.3ms | Allocations: 1768)
Completed 200 OK in 10ms (Views: 8.0ms | ActiveRecord: 0.0ms | Allocations: 2056)


Started GET "/contact/cont" for ::1 at 2024-02-16 00:44:57 +0100
Processing by ContactController#cont as HTML
  Rendering layout layouts/application.html.erb
  Rendering contact/cont.html.erb within layouts/application
  Rendered contact/cont.html.erb within layouts/application (Duration: 0.0ms | Allocations: 7)
  Rendered layouts/_bootstrap.html.erb (Duration: 0.3ms | Allocations: 94)
  Rendered layout layouts/application.html.erb (Duration: 6.0ms | Allocations: 1756)
Completed 200 OK in 9ms (Views: 6.6ms | ActiveRecord: 0.0ms | Allocations: 2044)


Started GET "/home/mainhome" for ::1 at 2024-02-16 00:44:57 +0100
Processing by HomeController#mainhome as HTML
  Rendering layout layouts/application.html.erb
  Rendering home/mainhome.html.erb within layouts/application
  Rendered home/mainhome.html.erb within layouts/application (Duration: 0.0ms | Allocations: 7)
  Rendered layouts/_bootstrap.html.erb (Duration: 0.2ms | Allocations: 94)
  Rendered layout layouts/application.html.erb (Duration: 6.3ms | Allocations: 1759)
Completed 200 OK in 9ms (Views: 6.9ms | ActiveRecord: 0.0ms | Allocations: 2047)


Started GET "/contact/cont" for ::1 at 2024-02-16 00:44:57 +0100
Processing by ContactController#cont as HTML
  Rendering layout layouts/application.html.erb
  Rendering contact/cont.html.erb within layouts/application
  Rendered contact/cont.html.erb within layouts/application (Duration: 0.0ms | Allocations: 7)
  Rendered layouts/_bootstrap.html.erb (Duration: 0.2ms | Allocations: 94)
  Rendered layout layouts/application.html.erb (Duration: 4.7ms | Allocations: 1762)
Completed 200 OK in 7ms (Views: 5.2ms | ActiveRecord: 0.0ms | Allocations: 2050)


Started GET "/home/mainhome" for ::1 at 2024-02-16 00:44:57 +0100
Processing by HomeController#mainhome as HTML
  Rendering layout layouts/application.html.erb
  Rendering home/mainhome.html.erb within layouts/application
  Rendered home/mainhome.html.erb within layouts/application (Duration: 0.0ms | Allocations: 7)
  Rendered layouts/_bootstrap.html.erb (Duration: 0.2ms | Allocations: 94)
  Rendered layout layouts/application.html.erb (Duration: 4.5ms | Allocations: 1750)
Completed 200 OK in 7ms (Views: 5.0ms | ActiveRecord: 0.0ms | Allocations: 2038)


Started GET "/contact/cont" for ::1 at 2024-02-16 00:44:58 +0100
Processing by ContactController#cont as HTML
  Rendering layout layouts/application.html.erb
  Rendering contact/cont.html.erb within layouts/application
  Rendered contact/cont.html.erb within layouts/application (Duration: 0.0ms | Allocations: 7)
  Rendered layouts/_bootstrap.html.erb (Duration: 0.2ms | Allocations: 94)
  Rendered layout layouts/application.html.erb (Duration: 4.1ms | Allocations: 1762)
Completed 200 OK in 7ms (Views: 4.5ms | ActiveRecord: 0.0ms | Allocations: 2050)


Started GET "/home/mainhome" for ::1 at 2024-02-16 00:44:58 +0100
Processing by HomeController#mainhome as HTML
  Rendering layout layouts/application.html.erb
  Rendering home/mainhome.html.erb within layouts/application
  Rendered home/mainhome.html.erb within layouts/application (Duration: 0.0ms | Allocations: 7)
  Rendered layouts/_bootstrap.html.erb (Duration: 0.3ms | Allocations: 94)
  Rendered layout layouts/application.html.erb (Duration: 3.5ms | Allocations: 1750)
Completed 200 OK in 5ms (Views: 3.9ms | ActiveRecord: 0.0ms | Allocations: 2038)


Started GET "/home/mainhome" for ::1 at 2024-02-16 00:45:24 +0100
Processing by HomeController#mainhome as HTML
  Rendering layout layouts/application.html.erb
  Rendering home/mainhome.html.erb within layouts/application
  Rendered home/mainhome.html.erb within layouts/application (Duration: 0.8ms | Allocations: 124)
  Rendered layouts/_bootstrap.html.erb (Duration: 0.8ms | Allocations: 302)
  Rendered layout layouts/application.html.erb (Duration: 6.7ms | Allocations: 2631)
Completed 200 OK in 14ms (Views: 11.5ms | ActiveRecord: 0.0ms | Allocations: 3571)


Started GET "/home/mainhome" for ::1 at 2024-02-16 00:45:40 +0100
Processing by HomeController#mainhome as HTML
  Rendering layout layouts/application.html.erb
  Rendering home/mainhome.html.erb within layouts/application
  Rendered home/mainhome.html.erb within layouts/application (Duration: 0.7ms | Allocations: 127)
  Rendered layouts/_bootstrap.html.erb (Duration: 1.0ms | Allocations: 302)
  Rendered layout layouts/application.html.erb (Duration: 8.5ms | Allocations: 2641)
Completed 200 OK in 16ms (Views: 13.3ms | ActiveRecord: 0.0ms | Allocations: 3590)


Started GET "/home/mainhome" for ::1 at 2024-02-16 00:46:47 +0100
Processing by HomeController#mainhome as HTML
  Rendering layout layouts/application.html.erb
  Rendering home/mainhome.html.erb within layouts/application
  Rendered home/mainhome.html.erb within layouts/application (Duration: 0.5ms | Allocations: 125)
  Rendered layouts/_bootstrap.html.erb (Duration: 0.7ms | Allocations: 308)
  Rendered layout layouts/application.html.erb (Duration: 6.0ms | Allocations: 2644)
Completed 200 OK in 13ms (Views: 10.3ms | ActiveRecord: 0.0ms | Allocations: 3593)


Started GET "/home/mainhome" for ::1 at 2024-02-16 00:46:48 +0100
Processing by HomeController#mainhome as HTML
  Rendering layout layouts/application.html.erb
  Rendering home/mainhome.html.erb within layouts/application
  Rendered home/mainhome.html.erb within layouts/application (Duration: 0.0ms | Allocations: 7)
  Rendered layouts/_bootstrap.html.erb (Duration: 0.2ms | Allocations: 94)
  Rendered layout layouts/application.html.erb (Duration: 4.4ms | Allocations: 1753)
Completed 200 OK in 7ms (Views: 4.8ms | ActiveRecord: 0.0ms | Allocations: 2061)


Started GET "/home/mainhome" for ::1 at 2024-02-16 00:48:38 +0100
Processing by HomeController#mainhome as HTML
  Rendering layout layouts/application.html.erb
  Rendering home/mainhome.html.erb within layouts/application
  Rendered home/mainhome.html.erb within layouts/application (Duration: 0.0ms | Allocations: 7)
  Rendered layouts/_bootstrap.html.erb (Duration: 0.2ms | Allocations: 94)
  Rendered layout layouts/application.html.erb (Duration: 3.7ms | Allocations: 1762)
Completed 200 OK in 6ms (Views: 4.1ms | ActiveRecord: 0.0ms | Allocations: 2048)


Started GET "/contact/cont" for ::1 at 2024-02-16 00:48:39 +0100
Processing by ContactController#cont as HTML
  Rendering layout layouts/application.html.erb
  Rendering contact/cont.html.erb within layouts/application
  Rendered contact/cont.html.erb within layouts/application (Duration: 0.7ms | Allocations: 123)
  Rendered layouts/_bootstrap.html.erb (Duration: 0.3ms | Allocations: 129)
  Rendered layout layouts/application.html.erb (Duration: 6.4ms | Allocations: 2204)
Completed 200 OK in 15ms (Views: 12.0ms | ActiveRecord: 0.0ms | Allocations: 2869)


Started GET "/contact/cont" for ::1 at 2024-02-16 00:48:40 +0100
Processing by ContactController#cont as HTML
  Rendering layout layouts/application.html.erb
  Rendering contact/cont.html.erb within layouts/application
  Rendered contact/cont.html.erb within layouts/application (Duration: 0.0ms | Allocations: 7)
  Rendered layouts/_bootstrap.html.erb (Duration: 0.2ms | Allocations: 94)
  Rendered layout layouts/application.html.erb (Duration: 4.5ms | Allocations: 1771)
Completed 200 OK in 7ms (Views: 5.0ms | ActiveRecord: 0.0ms | Allocations: 2079)


Started GET "/home/mainhome" for ::1 at 2024-02-16 00:48:40 +0100
Processing by HomeController#mainhome as HTML
  Rendering layout layouts/application.html.erb
  Rendering home/mainhome.html.erb within layouts/application
  Rendered home/mainhome.html.erb within layouts/application (Duration: 0.0ms | Allocations: 7)
  Rendered layouts/_bootstrap.html.erb (Duration: 0.2ms | Allocations: 94)
  Rendered layout layouts/application.html.erb (Duration: 4.1ms | Allocations: 1753)
Completed 200 OK in 6ms (Views: 4.6ms | ActiveRecord: 0.0ms | Allocations: 2042)


Started GET "/home/mainhome" for ::1 at 2024-02-16 00:48:42 +0100
Processing by HomeController#mainhome as HTML
  Rendering layout layouts/application.html.erb
  Rendering home/mainhome.html.erb within layouts/application
  Rendered home/mainhome.html.erb within layouts/application (Duration: 0.0ms | Allocations: 7)
  Rendered layouts/_bootstrap.html.erb (Duration: 0.3ms | Allocations: 94)
  Rendered layout layouts/application.html.erb (Duration: 5.0ms | Allocations: 1747)
Completed 200 OK in 7ms (Views: 5.3ms | ActiveRecord: 0.0ms | Allocations: 2035)


Started GET "/home/mainhome" for ::1 at 2024-02-16 00:48:42 +0100
Processing by HomeController#mainhome as HTML
  Rendering layout layouts/application.html.erb
  Rendering home/mainhome.html.erb within layouts/application
  Rendered home/mainhome.html.erb within layouts/application (Duration: 0.0ms | Allocations: 7)
  Rendered layouts/_bootstrap.html.erb (Duration: 0.2ms | Allocations: 94)
  Rendered layout layouts/application.html.erb (Duration: 4.0ms | Allocations: 1744)
Completed 200 OK in 6ms (Views: 4.5ms | ActiveRecord: 0.0ms | Allocations: 2032)


Started GET "/home/mainhome" for ::1 at 2024-02-16 00:50:18 +0100
Processing by HomeController#mainhome as HTML
  Rendering layout layouts/application.html.erb
  Rendering home/mainhome.html.erb within layouts/application
  Rendered home/mainhome.html.erb within layouts/application (Duration: 0.6ms | Allocations: 127)
  Rendered layouts/_bootstrap.html.erb (Duration: 0.9ms | Allocations: 307)
  Rendered layout layouts/application.html.erb (Duration: 7.1ms | Allocations: 2636)
Completed 200 OK in 16ms (Views: 13.1ms | ActiveRecord: 0.0ms | Allocations: 3576)


Started GET "/home/mainhome" for ::1 at 2024-02-16 00:51:51 +0100
Processing by HomeController#mainhome as HTML
  Rendering layout layouts/application.html.erb
  Rendering home/mainhome.html.erb within layouts/application
  Rendered home/mainhome.html.erb within layouts/application (Duration: 0.8ms | Allocations: 127)
  Rendered layouts/_bootstrap.html.erb (Duration: 1.0ms | Allocations: 307)
  Rendered layout layouts/application.html.erb (Duration: 8.1ms | Allocations: 2639)
Completed 200 OK in 16ms (Views: 13.4ms | ActiveRecord: 0.0ms | Allocations: 3585)


Started GET "/contact/cont" for ::1 at 2024-02-16 00:51:52 +0100
Processing by ContactController#cont as HTML
  Rendering layout layouts/application.html.erb
  Rendering contact/cont.html.erb within layouts/application
  Rendered contact/cont.html.erb within layouts/application (Duration: 0.6ms | Allocations: 123)
  Rendered layouts/_bootstrap.html.erb (Duration: 0.2ms | Allocations: 129)
  Rendered layout layouts/application.html.erb (Duration: 5.3ms | Allocations: 2206)
Completed 200 OK in 12ms (Views: 9.5ms | ActiveRecord: 0.0ms | Allocations: 2890)


Started GET "/home/mainhome" for ::1 at 2024-02-16 00:51:53 +0100
Processing by HomeController#mainhome as HTML
  Rendering layout layouts/application.html.erb
  Rendering home/mainhome.html.erb within layouts/application
  Rendered home/mainhome.html.erb within layouts/application (Duration: 0.0ms | Allocations: 7)
  Rendered layouts/_bootstrap.html.erb (Duration: 0.3ms | Allocations: 94)
  Rendered layout layouts/application.html.erb (Duration: 4.9ms | Allocations: 1744)
Completed 200 OK in 7ms (Views: 5.3ms | ActiveRecord: 0.0ms | Allocations: 2051)


Started GET "/home/mainhome" for ::1 at 2024-02-16 00:53:01 +0100
Processing by HomeController#mainhome as HTML
  Rendering layout layouts/application.html.erb
  Rendering home/mainhome.html.erb within layouts/application
  Rendered home/mainhome.html.erb within layouts/application (Duration: 0.6ms | Allocations: 129)
  Rendered layouts/_bootstrap.html.erb (Duration: 0.9ms | Allocations: 307)
  Rendered layout layouts/application.html.erb (Duration: 7.3ms | Allocations: 2639)
Completed 200 OK in 15ms (Views: 12.2ms | ActiveRecord: 0.0ms | Allocations: 3579)


Started GET "/home/mainhome" for ::1 at 2024-02-16 00:53:12 +0100
Processing by HomeController#mainhome as HTML
  Rendering layout layouts/application.html.erb
  Rendering home/mainhome.html.erb within layouts/application
  Rendered home/mainhome.html.erb within layouts/application (Duration: 0.6ms | Allocations: 129)
  Rendered layouts/_bootstrap.html.erb (Duration: 0.8ms | Allocations: 307)
  Rendered layout layouts/application.html.erb (Duration: 6.5ms | Allocations: 2629)
Completed 200 OK in 14ms (Views: 11.1ms | ActiveRecord: 0.0ms | Allocations: 3575)


Started GET "/home/mainhome" for ::1 at 2024-02-16 00:53:19 +0100
Processing by HomeController#mainhome as HTML
  Rendering layout layouts/application.html.erb
  Rendering home/mainhome.html.erb within layouts/application
  Rendered home/mainhome.html.erb within layouts/application (Duration: 0.7ms | Allocations: 134)
  Rendered layouts/_bootstrap.html.erb (Duration: 1.1ms | Allocations: 307)
  Rendered layout layouts/application.html.erb (Duration: 9.1ms | Allocations: 2665)
Completed 200 OK in 19ms (Views: 14.9ms | ActiveRecord: 0.0ms | Allocations: 3614)


Started GET "/contact/cont" for ::1 at 2024-02-16 00:53:42 +0100
Processing by ContactController#cont as HTML
  Rendering layout layouts/application.html.erb
  Rendering contact/cont.html.erb within layouts/application
  Rendered contact/cont.html.erb within layouts/application (Duration: 0.7ms | Allocations: 125)
  Rendered layouts/_bootstrap.html.erb (Duration: 1.4ms | Allocations: 307)
  Rendered layout layouts/application.html.erb (Duration: 8.5ms | Allocations: 2628)
Completed 200 OK in 17ms (Views: 14.2ms | ActiveRecord: 0.0ms | Allocations: 3580)


Started GET "/home/mainhome" for ::1 at 2024-02-16 00:53:42 +0100
Processing by HomeController#mainhome as HTML
  Rendering layout layouts/application.html.erb
  Rendering home/mainhome.html.erb within layouts/application
  Rendered home/mainhome.html.erb within layouts/application (Duration: 0.7ms | Allocations: 128)
  Rendered layouts/_bootstrap.html.erb (Duration: 0.2ms | Allocations: 129)
  Rendered layout layouts/application.html.erb (Duration: 6.2ms | Allocations: 2178)
Completed 200 OK in 13ms (Views: 10.4ms | ActiveRecord: 0.0ms | Allocations: 2860)


Started GET "/home/mainhome" for ::1 at 2024-02-16 00:53:44 +0100
Processing by HomeController#mainhome as HTML
  Rendering layout layouts/application.html.erb
  Rendering home/mainhome.html.erb within layouts/application
  Rendered home/mainhome.html.erb within layouts/application (Duration: 0.0ms | Allocations: 7)
  Rendered layouts/_bootstrap.html.erb (Duration: 0.2ms | Allocations: 94)
  Rendered layout layouts/application.html.erb (Duration: 4.3ms | Allocations: 1759)
Completed 200 OK in 7ms (Views: 4.7ms | ActiveRecord: 0.0ms | Allocations: 2065)


Started GET "/home/mainhome" for ::1 at 2024-02-16 00:54:18 +0100
Processing by HomeController#mainhome as HTML
  Rendering layout layouts/application.html.erb
  Rendering home/mainhome.html.erb within layouts/application
  Rendered home/mainhome.html.erb within layouts/application (Duration: 0.6ms | Allocations: 131)
  Rendered layouts/_bootstrap.html.erb (Duration: 0.9ms | Allocations: 307)
  Rendered layout layouts/application.html.erb (Duration: 7.7ms | Allocations: 2638)
Completed 200 OK in 16ms (Views: 13.3ms | ActiveRecord: 0.0ms | Allocations: 3578)


Started GET "/home/mainhome" for ::1 at 2024-02-16 00:54:24 +0100
Processing by HomeController#mainhome as HTML
  Rendering layout layouts/application.html.erb
  Rendering home/mainhome.html.erb within layouts/application
  Rendered home/mainhome.html.erb within layouts/application (Duration: 0.7ms | Allocations: 131)
  Rendered layouts/_bootstrap.html.erb (Duration: 0.9ms | Allocations: 307)
  Rendered layout layouts/application.html.erb (Duration: 7.7ms | Allocations: 2646)
Completed 200 OK in 16ms (Views: 12.9ms | ActiveRecord: 0.0ms | Allocations: 3592)


Started GET "/home/mainhome" for ::1 at 2024-02-16 00:54:33 +0100
Processing by HomeController#mainhome as HTML
  Rendering layout layouts/application.html.erb
  Rendering home/mainhome.html.erb within layouts/application
  Rendered home/mainhome.html.erb within layouts/application (Duration: 0.7ms | Allocations: 135)
  Rendered layouts/_bootstrap.html.erb (Duration: 0.9ms | Allocations: 307)
  Rendered layout layouts/application.html.erb (Duration: 8.4ms | Allocations: 2635)
Completed 200 OK in 19ms (Views: 14.5ms | ActiveRecord: 0.0ms | Allocations: 3581)


Started GET "/home/mainhome" for ::1 at 2024-02-16 00:54:34 +0100
Processing by HomeController#mainhome as HTML
  Rendering layout layouts/application.html.erb
  Rendering home/mainhome.html.erb within layouts/application
  Rendered home/mainhome.html.erb within layouts/application (Duration: 0.0ms | Allocations: 7)
  Rendered layouts/_bootstrap.html.erb (Duration: 0.2ms | Allocations: 94)
  Rendered layout layouts/application.html.erb (Duration: 5.1ms | Allocations: 1765)
Completed 200 OK in 7ms (Views: 5.5ms | ActiveRecord: 0.0ms | Allocations: 2071)


Started GET "/home/mainhome" for ::1 at 2024-02-16 00:55:05 +0100
Processing by HomeController#mainhome as HTML
  Rendering layout layouts/application.html.erb
  Rendering home/mainhome.html.erb within layouts/application
  Rendered home/mainhome.html.erb within layouts/application (Duration: 0.6ms | Allocations: 137)
  Rendered layouts/_bootstrap.html.erb (Duration: 0.8ms | Allocations: 307)
  Rendered layout layouts/application.html.erb (Duration: 7.2ms | Allocations: 2646)
Completed 200 OK in 16ms (Views: 12.7ms | ActiveRecord: 0.0ms | Allocations: 3572)


Started GET "/home/mainhome" for ::1 at 2024-02-16 00:55:16 +0100
Processing by HomeController#mainhome as HTML
  Rendering layout layouts/application.html.erb
  Rendering home/mainhome.html.erb within layouts/application
  Rendered home/mainhome.html.erb within layouts/application (Duration: 0.7ms | Allocations: 137)
  Rendered layouts/_bootstrap.html.erb (Duration: 0.9ms | Allocations: 307)
  Rendered layout layouts/application.html.erb (Duration: 7.1ms | Allocations: 2637)
Completed 200 OK in 15ms (Views: 12.8ms | ActiveRecord: 0.0ms | Allocations: 3583)


Started GET "/home/mainhome" for ::1 at 2024-02-16 00:55:16 +0100
Processing by HomeController#mainhome as HTML
  Rendering layout layouts/application.html.erb
  Rendering home/mainhome.html.erb within layouts/application
  Rendered home/mainhome.html.erb within layouts/application (Duration: 0.0ms | Allocations: 7)
  Rendered layouts/_bootstrap.html.erb (Duration: 0.2ms | Allocations: 94)
  Rendered layout layouts/application.html.erb (Duration: 4.5ms | Allocations: 1771)
Completed 200 OK in 7ms (Views: 4.9ms | ActiveRecord: 0.0ms | Allocations: 2077)


Started GET "/home/mainhome" for ::1 at 2024-02-16 00:57:27 +0100
Processing by HomeController#mainhome as HTML
  Rendering layout layouts/application.html.erb
  Rendering home/mainhome.html.erb within layouts/application
  Rendered home/mainhome.html.erb within layouts/application (Duration: 1.1ms | Allocations: 136)
  Rendered layouts/_bootstrap.html.erb (Duration: 1.2ms | Allocations: 306)
  Rendered layout layouts/application.html.erb (Duration: 9.4ms | Allocations: 2635)
Completed 200 OK in 19ms (Views: 16.2ms | ActiveRecord: 0.0ms | Allocations: 3561)


Started GET "/home/mainhome" for ::1 at 2024-02-16 00:58:08 +0100
Processing by HomeController#mainhome as HTML
  Rendering layout layouts/application.html.erb
  Rendering home/mainhome.html.erb within layouts/application
  Rendered home/mainhome.html.erb within layouts/application (Duration: 0.7ms | Allocations: 136)
  Rendered layouts/_bootstrap.html.erb (Duration: 0.9ms | Allocations: 306)
  Rendered layout layouts/application.html.erb (Duration: 7.3ms | Allocations: 2641)
Completed 200 OK in 15ms (Views: 12.7ms | ActiveRecord: 0.0ms | Allocations: 3587)


Started GET "/contact/cont" for ::1 at 2024-02-16 00:58:09 +0100
Processing by ContactController#cont as HTML
  Rendering layout layouts/application.html.erb
  Rendering contact/cont.html.erb within layouts/application
  Rendered contact/cont.html.erb within layouts/application (Duration: 0.9ms | Allocations: 128)
  Rendered layouts/_bootstrap.html.erb (Duration: 0.2ms | Allocations: 129)
  Rendered layout layouts/application.html.erb (Duration: 7.8ms | Allocations: 2224)
Completed 200 OK in 15ms (Views: 12.5ms | ActiveRecord: 0.0ms | Allocations: 2909)


Started GET "/home/mainhome" for ::1 at 2024-02-16 00:58:09 +0100
Processing by HomeController#mainhome as HTML
  Rendering layout layouts/application.html.erb
  Rendering home/mainhome.html.erb within layouts/application
  Rendered home/mainhome.html.erb within layouts/application (Duration: 0.0ms | Allocations: 7)
  Rendered layouts/_bootstrap.html.erb (Duration: 0.2ms | Allocations: 94)
  Rendered layout layouts/application.html.erb (Duration: 4.6ms | Allocations: 1743)
Completed 200 OK in 7ms (Views: 5.1ms | ActiveRecord: 0.0ms | Allocations: 2052)


Started GET "/contact/cont" for ::1 at 2024-02-16 00:58:10 +0100
Processing by ContactController#cont as HTML
  Rendering layout layouts/application.html.erb
  Rendering contact/cont.html.erb within layouts/application
  Rendered contact/cont.html.erb within layouts/application (Duration: 0.1ms | Allocations: 7)
  Rendered layouts/_bootstrap.html.erb (Duration: 0.4ms | Allocations: 94)
  Rendered layout layouts/application.html.erb (Duration: 7.3ms | Allocations: 1747)
Completed 200 OK in 10ms (Views: 8.1ms | ActiveRecord: 0.0ms | Allocations: 2036)


Started GET "/home/mainhome" for ::1 at 2024-02-16 00:58:10 +0100
Processing by HomeController#mainhome as HTML
  Rendering layout layouts/application.html.erb
  Rendering home/mainhome.html.erb within layouts/application
  Rendered home/mainhome.html.erb within layouts/application (Duration: 0.0ms | Allocations: 7)
  Rendered layouts/_bootstrap.html.erb (Duration: 0.5ms | Allocations: 94)
  Rendered layout layouts/application.html.erb (Duration: 5.0ms | Allocations: 1756)
Completed 200 OK in 7ms (Views: 5.7ms | ActiveRecord: 0.0ms | Allocations: 2044)


Started GET "/contact/cont" for ::1 at 2024-02-16 00:58:10 +0100
Processing by ContactController#cont as HTML
  Rendering layout layouts/application.html.erb
  Rendering contact/cont.html.erb within layouts/application
  Rendered contact/cont.html.erb within layouts/application (Duration: 0.0ms | Allocations: 7)
  Rendered layouts/_bootstrap.html.erb (Duration: 0.2ms | Allocations: 94)
  Rendered layout layouts/application.html.erb (Duration: 4.7ms | Allocations: 1741)
Completed 200 OK in 7ms (Views: 5.1ms | ActiveRecord: 0.0ms | Allocations: 2029)


Started GET "/home/mainhome" for ::1 at 2024-02-16 00:58:11 +0100
Processing by HomeController#mainhome as HTML
  Rendering layout layouts/application.html.erb
  Rendering home/mainhome.html.erb within layouts/application
  Rendered home/mainhome.html.erb within layouts/application (Duration: 0.0ms | Allocations: 7)
  Rendered layouts/_bootstrap.html.erb (Duration: 0.3ms | Allocations: 94)
  Rendered layout layouts/application.html.erb (Duration: 6.8ms | Allocations: 1760)
Completed 200 OK in 9ms (Views: 7.4ms | ActiveRecord: 0.0ms | Allocations: 2048)


Started GET "/contact/cont" for ::1 at 2024-02-16 00:58:11 +0100
Processing by ContactController#cont as HTML
  Rendering layout layouts/application.html.erb
  Rendering contact/cont.html.erb within layouts/application
  Rendered contact/cont.html.erb within layouts/application (Duration: 0.0ms | Allocations: 7)
  Rendered layouts/_bootstrap.html.erb (Duration: 0.2ms | Allocations: 94)
  Rendered layout layouts/application.html.erb (Duration: 5.0ms | Allocations: 1756)
Completed 200 OK in 8ms (Views: 5.6ms | ActiveRecord: 0.0ms | Allocations: 2044)


Started GET "/home/mainhome" for ::1 at 2024-02-16 00:58:12 +0100
Processing by HomeController#mainhome as HTML
  Rendering layout layouts/application.html.erb
  Rendering home/mainhome.html.erb within layouts/application
  Rendered home/mainhome.html.erb within layouts/application (Duration: 0.1ms | Allocations: 7)
  Rendered layouts/_bootstrap.html.erb (Duration: 0.2ms | Allocations: 94)
  Rendered layout layouts/application.html.erb (Duration: 5.0ms | Allocations: 1741)
Completed 200 OK in 9ms (Views: 5.8ms | ActiveRecord: 0.0ms | Allocations: 2029)


Started GET "/contact/cont" for ::1 at 2024-02-16 00:58:13 +0100
Processing by ContactController#cont as HTML
  Rendering layout layouts/application.html.erb
  Rendering contact/cont.html.erb within layouts/application
  Rendered contact/cont.html.erb within layouts/application (Duration: 0.0ms | Allocations: 7)
  Rendered layouts/_bootstrap.html.erb (Duration: 0.2ms | Allocations: 94)
  Rendered layout layouts/application.html.erb (Duration: 4.4ms | Allocations: 1756)
Completed 200 OK in 7ms (Views: 4.9ms | ActiveRecord: 0.0ms | Allocations: 2044)


Started GET "/home/mainhome" for ::1 at 2024-02-16 00:58:13 +0100
Processing by HomeController#mainhome as HTML
  Rendering layout layouts/application.html.erb
  Rendering home/mainhome.html.erb within layouts/application
  Rendered home/mainhome.html.erb within layouts/application (Duration: 0.0ms | Allocations: 7)
  Rendered layouts/_bootstrap.html.erb (Duration: 0.4ms | Allocations: 94)
  Rendered layout layouts/application.html.erb (Duration: 5.0ms | Allocations: 1777)
Completed 200 OK in 7ms (Views: 5.5ms | ActiveRecord: 0.0ms | Allocations: 2065)


Started GET "/home/mainhome" for ::1 at 2024-02-16 00:59:20 +0100
Processing by HomeController#mainhome as HTML
  Rendering layout layouts/application.html.erb
  Rendering home/mainhome.html.erb within layouts/application
  Rendered home/mainhome.html.erb within layouts/application (Duration: 0.0ms | Allocations: 7)
  Rendered layouts/_bootstrap.html.erb (Duration: 0.2ms | Allocations: 94)
  Rendered layout layouts/application.html.erb (Duration: 3.6ms | Allocations: 1747)
Completed 200 OK in 6ms (Views: 3.9ms | ActiveRecord: 0.0ms | Allocations: 2033)


